<?xml version="1.0" encoding="UTF-8"?>
<testng-results ignored="0" total="1" passed="0" failed="1" skipped="0">
  <reporter-output>
  </reporter-output>
  <suite started-at="2025-06-17T10:43:03 IST" name="Dream Classification Suite" finished-at="2025-06-17T10:43:12 IST" duration-ms="9480">
    <groups>
    </groups>
    <test started-at="2025-06-17T10:43:03 IST" name="Classify Dreams with AI" finished-at="2025-06-17T10:43:12 IST" duration-ms="9480">
      <class name="com.dreamportal.tests.DreamClassificationTest">
        <test-method is-config="true" signature="setup()[pri:0, instance:com.dreamportal.tests.DreamClassificationTest@1189dd52]" started-at="2025-06-17T10:43:03 IST" name="setup" finished-at="2025-06-17T10:43:06 IST" duration-ms="3190" status="PASS">
          <reporter-output>
          </reporter-output>
        </test-method> <!-- setup -->
        <test-method signature="classifyDreams()[pri:0, instance:com.dreamportal.tests.DreamClassificationTest@1189dd52]" started-at="2025-06-17T10:43:06 IST" name="classifyDreams" finished-at="2025-06-17T10:43:12 IST" duration-ms="5873" status="FAIL">
          <exception class="java.lang.RuntimeException">
            <message>
              <![CDATA[OpenAI API call failed.]]>
            </message>
            <full-stacktrace>
              <![CDATA[java.lang.RuntimeException: OpenAI API call failed.
at com.dreamportal.tests.DreamClassificationTest.getDreamClassificationFromAI(DreamClassificationTest.java:81)
at com.dreamportal.tests.DreamClassificationTest.classifyDreams(DreamClassificationTest.java:41)
at java.base/jdk.internal.reflect.DirectMethodHandleAccessor.invoke(DirectMethodHandleAccessor.java:103)
at java.base/java.lang.reflect.Method.invoke(Method.java:580)
at org.testng.internal.invokers.MethodInvocationHelper.invokeMethod(MethodInvocationHelper.java:139)
at org.testng.internal.invokers.TestInvoker.invokeMethod(TestInvoker.java:664)
at org.testng.internal.invokers.TestInvoker.invokeTestMethod(TestInvoker.java:228)
at org.testng.internal.invokers.MethodRunner.runInSequence(MethodRunner.java:63)
at org.testng.internal.invokers.TestInvoker$MethodInvocationAgent.invoke(TestInvoker.java:961)
at org.testng.internal.invokers.TestInvoker.invokeTestMethods(TestInvoker.java:201)
at org.testng.internal.invokers.TestMethodWorker.invokeTestMethods(TestMethodWorker.java:148)
at org.testng.internal.invokers.TestMethodWorker.run(TestMethodWorker.java:128)
at java.base/java.util.ArrayList.forEach(ArrayList.java:1596)
at org.testng.TestRunner.privateRun(TestRunner.java:819)
at org.testng.TestRunner.run(TestRunner.java:619)
at org.testng.SuiteRunner.runTest(SuiteRunner.java:443)
at org.testng.SuiteRunner.runSequentially(SuiteRunner.java:437)
at org.testng.SuiteRunner.privateRun(SuiteRunner.java:397)
at org.testng.SuiteRunner.run(SuiteRunner.java:336)
at org.testng.SuiteRunnerWorker.runSuite(SuiteRunnerWorker.java:52)
at org.testng.SuiteRunnerWorker.run(SuiteRunnerWorker.java:95)
at org.testng.TestNG.runSuitesSequentially(TestNG.java:1301)
at org.testng.TestNG.runSuitesLocally(TestNG.java:1228)
at org.testng.TestNG.runSuites(TestNG.java:1134)
at org.testng.TestNG.run(TestNG.java:1101)
at org.testng.remote.AbstractRemoteTestNG.run(AbstractRemoteTestNG.java:115)
at org.testng.remote.RemoteTestNG.initAndRun(RemoteTestNG.java:293)
at org.testng.remote.RemoteTestNG.main(RemoteTestNG.java:91)
]]>
            </full-stacktrace>
          </exception> <!-- java.lang.RuntimeException -->
          <reporter-output>
          </reporter-output>
        </test-method> <!-- classifyDreams -->
        <test-method is-config="true" signature="tearDown()[pri:0, instance:com.dreamportal.tests.DreamClassificationTest@1189dd52]" started-at="2025-06-17T10:43:12 IST" name="tearDown" finished-at="2025-06-17T10:43:12 IST" duration-ms="338" status="PASS">
          <reporter-output>
          </reporter-output>
        </test-method> <!-- tearDown -->
      </class> <!-- com.dreamportal.tests.DreamClassificationTest -->
    </test> <!-- Classify Dreams with AI -->
  </suite> <!-- Dream Classification Suite -->
</testng-results>
