<?xml version="1.0" encoding="UTF-8"?>
<!-- Generated by org.testng.reporters.JUnitXMLReporter -->
<testsuite ignored="0" hostname="Srinath" failures="1" tests="1" name="Classify Dreams with AI" time="9.48" errors="0" timestamp="2025-06-17T10:43:12 IST">
  <testcase classname="com.dreamportal.tests.DreamClassificationTest" name="classifyDreams" time="5.873">
    <failure type="java.lang.RuntimeException" message="OpenAI API call failed.">
      <![CDATA[java.lang.RuntimeException: OpenAI API call failed.
at com.dreamportal.tests.DreamClassificationTest.getDreamClassificationFromAI(DreamClassificationTest.java:81)
at com.dreamportal.tests.DreamClassificationTest.classifyDreams(DreamClassificationTest.java:41)
at java.base/java.util.ArrayList.forEach(ArrayList.java:1596)
... Removed 25 stack frames]]>
    </failure>
  </testcase> <!-- classifyDreams -->
</testsuite> <!-- Classify Dreams with AI -->
